<?xml version="1.0" encoding="UTF-8"?>
<!-- Generated by org.testng.reporters.JUnitReportReporter -->
<testsuite skipped="0" hostname="DESKTOP-02VH8T6" name="ddt.booking" tests="1" failures="0" timestamp="2020-04-09T16:38:01 EET" time="203.765" errors="0">
  <testcase name="make_appointment" time="203.765" classname="ddt.booking"/>
</testsuite> <!-- ddt.booking -->
